2025-02-25 19:06:03,051 - INFO - Classes detectadas neste frame: {'Celular'}
2025-02-25 19:06:14,532 - INFO - Classes detectadas neste frame: {'Celular'}
2025-02-25 19:13:43,878 - INFO - Classes detectadas neste frame: {'Celular'}
2025-02-25 19:56:50,055 - INFO - Classes detectadas neste frame: {'Escorpiao'}
2025-02-25 19:57:12,569 - INFO - Classes detectadas neste frame: {'Escorpiao'}
2025-02-25 19:57:21,562 - INFO - Classes detectadas neste frame: {'Escorpiao'}
2025-02-25 19:58:20,107 - INFO - Classes detectadas neste frame: {'Escorpiao'}
2025-02-25 19:59:04,141 - INFO - Classes detectadas neste frame: {'Celular'}
2025-02-25 19:59:09,416 - INFO - Classes detectadas neste frame: {'Seringa'}
2025-02-25 19:59:18,529 - INFO - Classes detectadas neste frame: {'Seringa'}
2025-02-25 19:59:25,233 - INFO - Classes detectadas neste frame: {'Pilha'}
2025-02-25 19:59:31,484 - INFO - Classes detectadas neste frame: {'Bateria_Notebook'}
2025-02-25 19:59:39,069 - INFO - Classes detectadas neste frame: {'Seringa'}
2025-02-25 19:59:44,840 - INFO - Classes detectadas neste frame: {'Pilha'}
2025-02-25 19:59:52,082 - INFO - Classes detectadas neste frame: {'Pilha'}
2025-02-25 20:00:06,146 - INFO - Classes detectadas neste frame: {'Bateria_Notebook'}
2025-02-25 20:00:11,772 - INFO - Classes detectadas neste frame: {'Bateria_Notebook'}
2025-02-25 20:00:20,290 - INFO - Classes detectadas neste frame: {'Bateria_Notebook'}
2025-02-25 20:00:28,684 - INFO - Classes detectadas neste frame: {'Bateria_Notebook'}
2025-02-25 20:00:35,297 - INFO - Classes detectadas neste frame: {'Bateria_Notebook'}
2025-02-25 20:00:51,149 - INFO - Classes detectadas neste frame: {'Pilha'}
2025-02-25 20:00:56,978 - INFO - Classes detectadas neste frame: {'Seringa'}
2025-02-25 20:01:06,830 - INFO - Classes detectadas neste frame: {'Pilha'}
2025-02-25 20:01:11,864 - INFO - Classes detectadas neste frame: {'Pilha'}
2025-02-25 20:01:19,196 - INFO - Classes detectadas neste frame: {'Seringa'}
2025-02-25 20:01:25,364 - INFO - Classes detectadas neste frame: {'Pilha'}
2025-02-25 20:01:37,547 - INFO - Classes detectadas neste frame: {'Pilha'}
2025-02-25 20:08:21,797 - INFO - Classes detectadas neste frame: {'Pilha'}
2025-02-25 20:08:27,096 - INFO - Classes detectadas neste frame: {'Pilha'}
2025-02-25 20:09:41,011 - INFO - Classes detectadas neste frame: {'Pilha'}
2025-02-25 20:09:46,149 - INFO - Classes detectadas neste frame: {'Bateria_Notebook'}
2025-02-25 20:09:51,496 - INFO - Classes detectadas neste frame: {'Bateria_Notebook'}
2025-02-25 20:10:39,303 - INFO - Classes detectadas neste frame: {'Bateria_Notebook'}
2025-02-25 20:10:46,345 - INFO - Classes detectadas neste frame: {'Celular'}
2025-02-25 20:11:07,142 - INFO - Classes detectadas neste frame: {'Celular'}
2025-02-25 20:11:17,369 - INFO - Classes detectadas neste frame: {'Celular'}
2025-02-25 20:11:26,127 - INFO - Classes detectadas neste frame: {'Celular'}
2025-02-25 20:11:35,155 - INFO - Classes detectadas neste frame: {'Bateria_Celular'}
2025-02-25 20:11:40,892 - INFO - Classes detectadas neste frame: {'Celular'}
2025-02-25 20:11:46,715 - INFO - Classes detectadas neste frame: {'Bateria_Celular'}
2025-02-25 20:17:35,116 - INFO - Classes detectadas neste frame: {'Bateria_Notebook'}
2025-02-25 20:17:46,579 - INFO - Classes detectadas neste frame: {'Seringa'}
2025-02-25 20:18:23,686 - INFO - Classes detectadas neste frame: {'Celular'}
2025-02-25 20:18:29,528 - INFO - Classes detectadas neste frame: {'Bateria_Celular'}
2025-02-25 20:18:37,705 - INFO - Classes detectadas neste frame: {'Bateria_Celular'}
2025-02-25 20:19:45,704 - INFO - Classes detectadas neste frame: {'Escorpiao'}
2025-02-25 20:21:03,635 - INFO - Classes detectadas neste frame: {'Bateria_Notebook'}
2025-02-25 20:21:10,510 - INFO - Classes detectadas neste frame: {'Bateria_Celular'}
2025-02-25 20:22:39,576 - INFO - Classes detectadas neste frame: {'Bateria_Celular'}
2025-02-25 20:23:04,474 - INFO - Classes detectadas neste frame: {'Seringa'}
2025-02-25 20:25:09,221 - INFO - Classes detectadas neste frame: {'Bateria_Celular'}
2025-02-25 20:25:16,201 - INFO - Classes detectadas neste frame: {'Bateria_Celular'}
2025-02-25 20:27:00,418 - INFO - Classes detectadas neste frame: {'Bateria_Celular'}
2025-02-25 20:27:05,726 - INFO - Classes detectadas neste frame: {'Celular'}
2025-02-25 20:30:32,179 - INFO - Classes detectadas neste frame: {'Bateria_Celular'}
2025-02-25 20:31:52,249 - INFO - Classes detectadas neste frame: {'Bateria_Celular'}
2025-02-25 20:32:06,718 - INFO - Classes detectadas neste frame: {'Bateria_Notebook'}
2025-02-25 20:33:05,277 - INFO - Classes detectadas neste frame: {'Celular'}
2025-02-25 20:33:11,437 - INFO - Classes detectadas neste frame: {'Seringa'}
2025-02-25 20:33:22,197 - INFO - Classes detectadas neste frame: {'Celular'}
2025-02-25 20:33:29,261 - INFO - Classes detectadas neste frame: {'Seringa', 'Agulha'}
2025-02-25 20:35:15,571 - INFO - Classes detectadas neste frame: {'Bateria_Notebook'}
2025-02-25 20:35:27,717 - INFO - Classes detectadas neste frame: {'Pilha'}
2025-02-25 20:35:42,271 - INFO - Classes detectadas neste frame: {'Pilha'}
2025-02-25 20:36:17,311 - INFO - Classes detectadas neste frame: {'Pilha'}
2025-02-25 20:36:23,364 - INFO - Classes detectadas neste frame: {'Pilha'}
2025-02-25 20:36:42,324 - INFO - Classes detectadas neste frame: {'Pilha'}
2025-02-25 20:36:53,048 - INFO - Classes detectadas neste frame: {'Seringa'}
2025-02-25 21:04:21,708 - INFO - Classes detectadas neste frame: {'Pilha'}
2025-04-01 18:22:45,629 - INFO - Classes detectadas neste frame: {'Celular'}
